{"C:\\Users\\30693\\Documents\\Coding Factory\\cf9-backend\\src\\controller\\user.controller.ts": {"path":"C:\\Users\\30693\\Documents\\Coding Factory\\cf9-backend\\src\\controller\\user.controller.ts","statementMap":{"0":{"start":{"line":2,"column":0},"end":{"line":2,"column":56}},"1":{"start":{"line":5,"column":22},"end":{"line":12,"column":1}},"2":{"start":{"line":6,"column":4},"end":{"line":11,"column":5}},"3":{"start":{"line":7,"column":23},"end":{"line":7,"column":52}},"4":{"start":{"line":8,"column":8},"end":{"line":8,"column":37}},"5":{"start":{"line":10,"column":8},"end":{"line":10,"column":20}},"6":{"start":{"line":5,"column":13},"end":{"line":5,"column":22}},"7":{"start":{"line":14,"column":29},"end":{"line":25,"column":1}},"8":{"start":{"line":15,"column":4},"end":{"line":24,"column":5}},"9":{"start":{"line":16,"column":30},"end":{"line":16,"column":46}},"10":{"start":{"line":17,"column":23},"end":{"line":17,"column":63}},"11":{"start":{"line":18,"column":8},"end":{"line":20,"column":9}},"12":{"start":{"line":19,"column":12},"end":{"line":19,"column":78}},"13":{"start":{"line":21,"column":8},"end":{"line":21,"column":39}},"14":{"start":{"line":23,"column":8},"end":{"line":23,"column":20}},"15":{"start":{"line":14,"column":13},"end":{"line":14,"column":29}},"16":{"start":{"line":27,"column":22},"end":{"line":34,"column":1}},"17":{"start":{"line":28,"column":4},"end":{"line":33,"column":5}},"18":{"start":{"line":29,"column":21},"end":{"line":29,"column":59}},"19":{"start":{"line":30,"column":8},"end":{"line":30,"column":57}},"20":{"start":{"line":32,"column":8},"end":{"line":32,"column":20}},"21":{"start":{"line":27,"column":13},"end":{"line":27,"column":22}},"22":{"start":{"line":36,"column":22},"end":{"line":48,"column":1}},"23":{"start":{"line":37,"column":4},"end":{"line":47,"column":5}},"24":{"start":{"line":38,"column":33},"end":{"line":38,"column":52}},"25":{"start":{"line":39,"column":36},"end":{"line":39,"column":44}},"26":{"start":{"line":40,"column":23},"end":{"line":40,"column":67}},"27":{"start":{"line":41,"column":8},"end":{"line":43,"column":9}},"28":{"start":{"line":42,"column":12},"end":{"line":42,"column":69}},"29":{"start":{"line":44,"column":8},"end":{"line":44,"column":37}},"30":{"start":{"line":46,"column":8},"end":{"line":46,"column":20}},"31":{"start":{"line":36,"column":13},"end":{"line":36,"column":22}}},"fnMap":{"0":{"name":"(anonymous_9)","decl":{"start":{"line":5,"column":22},"end":{"line":5,"column":27}},"loc":{"start":{"line":5,"column":79},"end":{"line":12,"column":1}}},"1":{"name":"(anonymous_10)","decl":{"start":{"line":14,"column":29},"end":{"line":14,"column":34}},"loc":{"start":{"line":14,"column":86},"end":{"line":25,"column":1}}},"2":{"name":"(anonymous_11)","decl":{"start":{"line":27,"column":22},"end":{"line":27,"column":27}},"loc":{"start":{"line":27,"column":79},"end":{"line":34,"column":1}}},"3":{"name":"(anonymous_12)","decl":{"start":{"line":36,"column":22},"end":{"line":36,"column":27}},"loc":{"start":{"line":36,"column":79},"end":{"line":48,"column":1}}}},"branchMap":{"0":{"loc":{"start":{"line":18,"column":8},"end":{"line":20,"column":9}},"type":"if","locations":[{"start":{"line":18,"column":8},"end":{"line":20,"column":9}},{"start":{},"end":{}}]},"1":{"loc":{"start":{"line":41,"column":8},"end":{"line":43,"column":9}},"type":"if","locations":[{"start":{"line":41,"column":8},"end":{"line":43,"column":9}},{"start":{},"end":{}}]}},"s":{"0":1,"1":1,"2":1,"3":1,"4":1,"5":0,"6":1,"7":1,"8":0,"9":0,"10":0,"11":0,"12":0,"13":0,"14":0,"15":1,"16":1,"17":2,"18":2,"19":1,"20":1,"21":1,"22":1,"23":0,"24":0,"25":0,"26":0,"27":0,"28":0,"29":0,"30":0,"31":1},"f":{"0":1,"1":0,"2":2,"3":0},"b":{"0":[0,0],"1":[0,0]}}
,"C:\\Users\\30693\\Documents\\Coding Factory\\cf9-backend\\src\\dao\\user.dao.ts": {"path":"C:\\Users\\30693\\Documents\\Coding Factory\\cf9-backend\\src\\dao\\user.dao.ts","statementMap":{"0":{"start":{"line":1,"column":0},"end":{"line":1,"column":51}},"1":{"start":{"line":3,"column":23},"end":{"line":5,"column":1}},"2":{"start":{"line":4,"column":4},"end":{"line":4,"column":61}},"3":{"start":{"line":3,"column":13},"end":{"line":3,"column":23}},"4":{"start":{"line":7,"column":27},"end":{"line":9,"column":1}},"5":{"start":{"line":8,"column":4},"end":{"line":8,"column":78}},"6":{"start":{"line":7,"column":13},"end":{"line":7,"column":27}},"7":{"start":{"line":11,"column":26},"end":{"line":14,"column":1}},"8":{"start":{"line":12,"column":17},"end":{"line":12,"column":31}},"9":{"start":{"line":13,"column":4},"end":{"line":13,"column":29}},"10":{"start":{"line":11,"column":13},"end":{"line":11,"column":26}},"11":{"start":{"line":16,"column":26},"end":{"line":19,"column":1}},"12":{"start":{"line":18,"column":4},"end":{"line":18,"column":129}},"13":{"start":{"line":16,"column":13},"end":{"line":16,"column":26}}},"fnMap":{"0":{"name":"(anonymous_1)","decl":{"start":{"line":3,"column":23},"end":{"line":3,"column":28}},"loc":{"start":{"line":3,"column":50},"end":{"line":5,"column":1}}},"1":{"name":"(anonymous_2)","decl":{"start":{"line":7,"column":27},"end":{"line":7,"column":32}},"loc":{"start":{"line":7,"column":74},"end":{"line":9,"column":1}}},"2":{"name":"(anonymous_3)","decl":{"start":{"line":11,"column":26},"end":{"line":11,"column":31}},"loc":{"start":{"line":11,"column":71},"end":{"line":14,"column":1}}},"3":{"name":"(anonymous_4)","decl":{"start":{"line":16,"column":26},"end":{"line":16,"column":31}},"loc":{"start":{"line":16,"column":99},"end":{"line":19,"column":1}}}},"branchMap":{},"s":{"0":1,"1":1,"2":1,"3":1,"4":1,"5":0,"6":1,"7":1,"8":2,"9":2,"10":1,"11":1,"12":0,"13":1},"f":{"0":1,"1":0,"2":2,"3":0},"b":{}}
,"C:\\Users\\30693\\Documents\\Coding Factory\\cf9-backend\\src\\middlewares\\auth.middleware.ts": {"path":"C:\\Users\\30693\\Documents\\Coding Factory\\cf9-backend\\src\\middlewares\\auth.middleware.ts","statementMap":{"0":{"start":{"line":2,"column":0},"end":{"line":2,"column":47}},"1":{"start":{"line":3,"column":0},"end":{"line":3,"column":28}},"2":{"start":{"line":5,"column":0},"end":{"line":5,"column":16}},"3":{"start":{"line":13,"column":19},"end":{"line":13,"column":55}},"4":{"start":{"line":15,"column":28},"end":{"line":35,"column":1}},"5":{"start":{"line":16,"column":17},"end":{"line":16,"column":42}},"6":{"start":{"line":18,"column":2},"end":{"line":20,"column":3}},"7":{"start":{"line":19,"column":4},"end":{"line":19,"column":86}},"8":{"start":{"line":22,"column":16},"end":{"line":22,"column":36}},"9":{"start":{"line":24,"column":2},"end":{"line":26,"column":3}},"10":{"start":{"line":25,"column":4},"end":{"line":25,"column":75}},"11":{"start":{"line":28,"column":2},"end":{"line":34,"column":3}},"12":{"start":{"line":29,"column":20},"end":{"line":29,"column":49}},"13":{"start":{"line":30,"column":4},"end":{"line":30,"column":23}},"14":{"start":{"line":31,"column":4},"end":{"line":31,"column":null}},"15":{"start":{"line":33,"column":4},"end":{"line":33,"column":64}},"16":{"start":{"line":15,"column":13},"end":{"line":15,"column":28}}},"fnMap":{"0":{"name":"(anonymous_1)","decl":{"start":{"line":15,"column":28},"end":{"line":15,"column":29}},"loc":{"start":{"line":15,"column":80},"end":{"line":35,"column":1}}}},"branchMap":{"0":{"loc":{"start":{"line":13,"column":19},"end":{"line":13,"column":55}},"type":"binary-expr","locations":[{"start":{"line":13,"column":19},"end":{"line":13,"column":41}},{"start":{"line":13,"column":45},"end":{"line":13,"column":55}}]},"1":{"loc":{"start":{"line":18,"column":2},"end":{"line":20,"column":3}},"type":"if","locations":[{"start":{"line":18,"column":2},"end":{"line":20,"column":3}},{"start":{},"end":{}}]},"2":{"loc":{"start":{"line":18,"column":6},"end":{"line":18,"column":46}},"type":"binary-expr","locations":[{"start":{"line":18,"column":6},"end":{"line":18,"column":13}},{"start":{"line":18,"column":17},"end":{"line":18,"column":46}}]},"3":{"loc":{"start":{"line":24,"column":2},"end":{"line":26,"column":3}},"type":"if","locations":[{"start":{"line":24,"column":2},"end":{"line":26,"column":3}},{"start":{},"end":{}}]}},"s":{"0":1,"1":1,"2":1,"3":1,"4":1,"5":4,"6":4,"7":0,"8":4,"9":4,"10":0,"11":4,"12":4,"13":4,"14":4,"15":0,"16":1},"f":{"0":4},"b":{"0":[1,0],"1":[0,4],"2":[4,4],"3":[0,4]}}
,"C:\\Users\\30693\\Documents\\Coding Factory\\cf9-backend\\src\\middlewares\\user.middleware.ts": {"path":"C:\\Users\\30693\\Documents\\Coding Factory\\cf9-backend\\src\\middlewares\\user.middleware.ts","statementMap":{"0":{"start":{"line":4,"column":29},"end":{"line":14,"column":1}},"1":{"start":{"line":5,"column":2},"end":{"line":13,"column":3}},"2":{"start":{"line":6,"column":28},"end":{"line":6,"column":91}},"3":{"start":{"line":6,"column":61},"end":{"line":6,"column":90}},"4":{"start":{"line":7,"column":4},"end":{"line":9,"column":5}},"5":{"start":{"line":8,"column":6},"end":{"line":8,"column":74}},"6":{"start":{"line":10,"column":4},"end":{"line":10,"column":11}},"7":{"start":{"line":12,"column":4},"end":{"line":12,"column":64}},"8":{"start":{"line":4,"column":13},"end":{"line":4,"column":29}}},"fnMap":{"0":{"name":"(anonymous_0)","decl":{"start":{"line":4,"column":29},"end":{"line":4,"column":30}},"loc":{"start":{"line":4,"column":82},"end":{"line":14,"column":1}}},"1":{"name":"(anonymous_1)","decl":{"start":{"line":6,"column":48},"end":{"line":6,"column":49}},"loc":{"start":{"line":6,"column":61},"end":{"line":6,"column":90}}}},"branchMap":{"0":{"loc":{"start":{"line":6,"column":61},"end":{"line":6,"column":90}},"type":"binary-expr","locations":[{"start":{"line":6,"column":61},"end":{"line":6,"column":78}},{"start":{"line":6,"column":82},"end":{"line":6,"column":90}}]},"1":{"loc":{"start":{"line":7,"column":4},"end":{"line":9,"column":5}},"type":"if","locations":[{"start":{"line":7,"column":4},"end":{"line":9,"column":5}},{"start":{},"end":{}}]}},"s":{"0":1,"1":4,"2":4,"3":4,"4":4,"5":0,"6":4,"7":0,"8":1},"f":{"0":4,"1":4},"b":{"0":[4,4],"1":[0,4]}}
,"C:\\Users\\30693\\Documents\\Coding Factory\\cf9-backend\\src\\middlewares\\validate.middleware.ts": {"path":"C:\\Users\\30693\\Documents\\Coding Factory\\cf9-backend\\src\\middlewares\\validate.middleware.ts","statementMap":{"0":{"start":{"line":4,"column":24},"end":{"line":17,"column":3}},"1":{"start":{"line":5,"column":2},"end":{"line":17,"column":3}},"2":{"start":{"line":6,"column":4},"end":{"line":16,"column":5}},"3":{"start":{"line":7,"column":25},"end":{"line":11,"column":8}},"4":{"start":{"line":12,"column":6},"end":{"line":12,"column":36}},"5":{"start":{"line":13,"column":6},"end":{"line":13,"column":13}},"6":{"start":{"line":15,"column":6},"end":{"line":15,"column":null}},"7":{"start":{"line":4,"column":13},"end":{"line":4,"column":24}}},"fnMap":{"0":{"name":"(anonymous_0)","decl":{"start":{"line":4,"column":24},"end":{"line":4,"column":25}},"loc":{"start":{"line":5,"column":2},"end":{"line":17,"column":3}}},"1":{"name":"(anonymous_1)","decl":{"start":{"line":5,"column":2},"end":{"line":5,"column":3}},"loc":{"start":{"line":5,"column":54},"end":{"line":17,"column":3}}}},"branchMap":{"0":{"loc":{"start":{"line":15,"column":44},"end":{"line":15,"column":93}},"type":"binary-expr","locations":[{"start":{"line":15,"column":44},"end":{"line":15,"column":55}},{"start":{"line":15,"column":59},"end":{"line":15,"column":71}},{"start":{"line":15,"column":75},"end":{"line":15,"column":93}}]}},"s":{"0":1,"1":1,"2":4,"3":4,"4":4,"5":2,"6":2,"7":1},"f":{"0":1,"1":4},"b":{"0":[2,2,0]}}
,"C:\\Users\\30693\\Documents\\Coding Factory\\cf9-backend\\src\\models\\role.model.ts": {"path":"C:\\Users\\30693\\Documents\\Coding Factory\\cf9-backend\\src\\models\\role.model.ts","statementMap":{"0":{"start":{"line":1,"column":0},"end":{"line":1,"column":58}},"1":{"start":{"line":10,"column":19},"end":{"line":17,"column":2}},"2":{"start":{"line":19,"column":0},"end":{"line":19,"column":48}}},"fnMap":{},"branchMap":{},"s":{"0":1,"1":1,"2":1},"f":{},"b":{}}
,"C:\\Users\\30693\\Documents\\Coding Factory\\cf9-backend\\src\\models\\user.model.ts": {"path":"C:\\Users\\30693\\Documents\\Coding Factory\\cf9-backend\\src\\models\\user.model.ts","statementMap":{"0":{"start":{"line":1,"column":0},"end":{"line":1,"column":59}},"1":{"start":{"line":25,"column":20},"end":{"line":28,"column":2}},"2":{"start":{"line":30,"column":19},"end":{"line":53,"column":null}},"3":{"start":{"line":56,"column":0},"end":{"line":56,"column":48}}},"fnMap":{},"branchMap":{},"s":{"0":1,"1":1,"2":1,"3":1},"f":{},"b":{}}
,"C:\\Users\\30693\\Documents\\Coding Factory\\cf9-backend\\src\\routes\\user.routes.ts": {"path":"C:\\Users\\30693\\Documents\\Coding Factory\\cf9-backend\\src\\routes\\user.routes.ts","statementMap":{"0":{"start":{"line":1,"column":0},"end":{"line":1,"column":33}},"1":{"start":{"line":2,"column":0},"end":{"line":2,"column":58}},"2":{"start":{"line":3,"column":0},"end":{"line":3,"column":62}},"3":{"start":{"line":4,"column":0},"end":{"line":4,"column":63}},"4":{"start":{"line":5,"column":0},"end":{"line":5,"column":62}},"5":{"start":{"line":6,"column":0},"end":{"line":6,"column":82}},"6":{"start":{"line":8,"column":15},"end":{"line":8,"column":23}},"7":{"start":{"line":20,"column":0},"end":{"line":20,"column":33}},"8":{"start":{"line":40,"column":0},"end":{"line":40,"column":52}},"9":{"start":{"line":72,"column":0},"end":{"line":72,"column":91}},"10":{"start":{"line":73,"column":0},"end":{"line":73,"column":42}},"11":{"start":{"line":75,"column":0},"end":{"line":75,"column":22}}},"fnMap":{},"branchMap":{},"s":{"0":1,"1":1,"2":1,"3":1,"4":1,"5":1,"6":1,"7":1,"8":1,"9":1,"10":1,"11":1},"f":{},"b":{}}
,"C:\\Users\\30693\\Documents\\Coding Factory\\cf9-backend\\src\\services\\user.service.ts": {"path":"C:\\Users\\30693\\Documents\\Coding Factory\\cf9-backend\\src\\services\\user.service.ts","statementMap":{"0":{"start":{"line":2,"column":0},"end":{"line":2,"column":51}},"1":{"start":{"line":3,"column":0},"end":{"line":3,"column":33}},"2":{"start":{"line":4,"column":0},"end":{"line":4,"column":28}},"3":{"start":{"line":6,"column":0},"end":{"line":6,"column":43}},"4":{"start":{"line":8,"column":13},"end":{"line":8,"column":69}},"5":{"start":{"line":10,"column":25},"end":{"line":13,"column":1}},"6":{"start":{"line":11,"column":19},"end":{"line":11,"column":42}},"7":{"start":{"line":12,"column":4},"end":{"line":12,"column":17}},"8":{"start":{"line":10,"column":13},"end":{"line":10,"column":25}},"9":{"start":{"line":15,"column":31},"end":{"line":20,"column":1}},"10":{"start":{"line":16,"column":17},"end":{"line":16,"column":49}},"11":{"start":{"line":17,"column":4},"end":{"line":19,"column":5}},"12":{"start":{"line":18,"column":8},"end":{"line":18,"column":20}},"13":{"start":{"line":15,"column":13},"end":{"line":15,"column":31}},"14":{"start":{"line":22,"column":26},"end":{"line":56,"column":1}},"15":{"start":{"line":24,"column":4},"end":{"line":27,"column":5}},"16":{"start":{"line":25,"column":21},"end":{"line":25,"column":69}},"17":{"start":{"line":26,"column":8},"end":{"line":26,"column":32}},"18":{"start":{"line":29,"column":36},"end":{"line":29,"column":38}},"19":{"start":{"line":30,"column":4},"end":{"line":38,"column":5}},"20":{"start":{"line":31,"column":8},"end":{"line":31,"column":66}},"21":{"start":{"line":31,"column":42},"end":{"line":31,"column":64}},"22":{"start":{"line":33,"column":35},"end":{"line":33,"column":71}},"23":{"start":{"line":34,"column":8},"end":{"line":36,"column":9}},"24":{"start":{"line":35,"column":8},"end":{"line":35,"column":96}},"25":{"start":{"line":37,"column":8},"end":{"line":37,"column":31}},"26":{"start":{"line":50,"column":17},"end":{"line":53,"column":6}},"27":{"start":{"line":55,"column":4},"end":{"line":55,"column":16}},"28":{"start":{"line":22,"column":13},"end":{"line":22,"column":26}},"29":{"start":{"line":58,"column":26},"end":{"line":76,"column":1}},"30":{"start":{"line":59,"column":40},"end":{"line":59,"column":42}},"31":{"start":{"line":60,"column":4},"end":{"line":60,"column":81}},"32":{"start":{"line":60,"column":40},"end":{"line":60,"column":81}},"33":{"start":{"line":61,"column":4},"end":{"line":61,"column":78}},"34":{"start":{"line":61,"column":39},"end":{"line":61,"column":78}},"35":{"start":{"line":62,"column":4},"end":{"line":62,"column":69}},"36":{"start":{"line":62,"column":36},"end":{"line":62,"column":69}},"37":{"start":{"line":63,"column":4},"end":{"line":63,"column":75}},"38":{"start":{"line":63,"column":38},"end":{"line":63,"column":75}},"39":{"start":{"line":64,"column":4},"end":{"line":64,"column":69}},"40":{"start":{"line":64,"column":36},"end":{"line":64,"column":69}},"41":{"start":{"line":66,"column":4},"end":{"line":68,"column":5}},"42":{"start":{"line":67,"column":8},"end":{"line":67,"column":79}},"43":{"start":{"line":70,"column":4},"end":{"line":72,"column":5}},"44":{"start":{"line":71,"column":8},"end":{"line":71,"column":75}},"45":{"start":{"line":71,"column":51},"end":{"line":71,"column":73}},"46":{"start":{"line":74,"column":17},"end":{"line":74,"column":63}},"47":{"start":{"line":75,"column":4},"end":{"line":75,"column":16}},"48":{"start":{"line":58,"column":13},"end":{"line":58,"column":26}}},"fnMap":{"0":{"name":"(anonymous_10)","decl":{"start":{"line":10,"column":25},"end":{"line":10,"column":30}},"loc":{"start":{"line":10,"column":35},"end":{"line":13,"column":1}}},"1":{"name":"(anonymous_11)","decl":{"start":{"line":15,"column":31},"end":{"line":15,"column":36}},"loc":{"start":{"line":15,"column":54},"end":{"line":20,"column":1}}},"2":{"name":"(anonymous_12)","decl":{"start":{"line":22,"column":26},"end":{"line":22,"column":31}},"loc":{"start":{"line":22,"column":58},"end":{"line":56,"column":1}}},"3":{"name":"(anonymous_13)","decl":{"start":{"line":31,"column":36},"end":{"line":31,"column":38}},"loc":{"start":{"line":31,"column":42},"end":{"line":31,"column":64}}},"4":{"name":"(anonymous_14)","decl":{"start":{"line":58,"column":26},"end":{"line":58,"column":31}},"loc":{"start":{"line":58,"column":76},"end":{"line":76,"column":1}}},"5":{"name":"(anonymous_15)","decl":{"start":{"line":71,"column":45},"end":{"line":71,"column":47}},"loc":{"start":{"line":71,"column":51},"end":{"line":71,"column":73}}}},"branchMap":{"0":{"loc":{"start":{"line":8,"column":36},"end":{"line":8,"column":67}},"type":"binary-expr","locations":[{"start":{"line":8,"column":36},"end":{"line":8,"column":59}},{"start":{"line":8,"column":63},"end":{"line":8,"column":67}}]},"1":{"loc":{"start":{"line":17,"column":4},"end":{"line":19,"column":5}},"type":"if","locations":[{"start":{"line":17,"column":4},"end":{"line":19,"column":5}},{"start":{},"end":{}}]},"2":{"loc":{"start":{"line":24,"column":4},"end":{"line":27,"column":5}},"type":"if","locations":[{"start":{"line":24,"column":4},"end":{"line":27,"column":5}},{"start":{},"end":{}}]},"3":{"loc":{"start":{"line":30,"column":4},"end":{"line":38,"column":5}},"type":"if","locations":[{"start":{"line":30,"column":4},"end":{"line":38,"column":5}},{"start":{"line":32,"column":11},"end":{"line":38,"column":5}}]},"4":{"loc":{"start":{"line":30,"column":8},"end":{"line":30,"column":49}},"type":"binary-expr","locations":[{"start":{"line":30,"column":8},"end":{"line":30,"column":21}},{"start":{"line":30,"column":25},"end":{"line":30,"column":49}}]},"5":{"loc":{"start":{"line":34,"column":8},"end":{"line":36,"column":9}},"type":"if","locations":[{"start":{"line":34,"column":8},"end":{"line":36,"column":9}},{"start":{},"end":{}}]},"6":{"loc":{"start":{"line":60,"column":4},"end":{"line":60,"column":81}},"type":"if","locations":[{"start":{"line":60,"column":4},"end":{"line":60,"column":81}},{"start":{},"end":{}}]},"7":{"loc":{"start":{"line":61,"column":4},"end":{"line":61,"column":78}},"type":"if","locations":[{"start":{"line":61,"column":4},"end":{"line":61,"column":78}},{"start":{},"end":{}}]},"8":{"loc":{"start":{"line":62,"column":4},"end":{"line":62,"column":69}},"type":"if","locations":[{"start":{"line":62,"column":4},"end":{"line":62,"column":69}},{"start":{},"end":{}}]},"9":{"loc":{"start":{"line":63,"column":4},"end":{"line":63,"column":75}},"type":"if","locations":[{"start":{"line":63,"column":4},"end":{"line":63,"column":75}},{"start":{},"end":{}}]},"10":{"loc":{"start":{"line":64,"column":4},"end":{"line":64,"column":69}},"type":"if","locations":[{"start":{"line":64,"column":4},"end":{"line":64,"column":69}},{"start":{},"end":{}}]},"11":{"loc":{"start":{"line":66,"column":4},"end":{"line":68,"column":5}},"type":"if","locations":[{"start":{"line":66,"column":4},"end":{"line":68,"column":5}},{"start":{},"end":{}}]},"12":{"loc":{"start":{"line":70,"column":4},"end":{"line":72,"column":5}},"type":"if","locations":[{"start":{"line":70,"column":4},"end":{"line":72,"column":5}},{"start":{},"end":{}}]}},"s":{"0":1,"1":1,"2":1,"3":1,"4":1,"5":1,"6":1,"7":1,"8":1,"9":1,"10":0,"11":0,"12":0,"13":1,"14":1,"15":2,"16":2,"17":2,"18":2,"19":2,"20":0,"21":0,"22":2,"23":2,"24":1,"25":2,"26":2,"27":1,"28":1,"29":1,"30":0,"31":0,"32":0,"33":0,"34":0,"35":0,"36":0,"37":0,"38":0,"39":0,"40":0,"41":0,"42":0,"43":0,"44":0,"45":0,"46":0,"47":0,"48":1},"f":{"0":1,"1":0,"2":2,"3":0,"4":0,"5":0},"b":{"0":[1,1],"1":[0,0],"2":[2,0],"3":[0,2],"4":[2,0],"5":[1,1],"6":[0,0],"7":[0,0],"8":[0,0],"9":[0,0],"10":[0,0],"11":[0,0],"12":[0,0]}}
,"C:\\Users\\30693\\Documents\\Coding Factory\\cf9-backend\\src\\validators\\user.validator.ts": {"path":"C:\\Users\\30693\\Documents\\Coding Factory\\cf9-backend\\src\\validators\\user.validator.ts","statementMap":{"0":{"start":{"line":1,"column":0},"end":{"line":1,"column":22}},"1":{"start":{"line":3,"column":13},"end":{"line":9,"column":null}},"2":{"start":{"line":11,"column":13},"end":{"line":14,"column":null}},"3":{"start":{"line":16,"column":13},"end":{"line":25,"column":null}},"4":{"start":{"line":27,"column":13},"end":{"line":27,"column":59}}},"fnMap":{},"branchMap":{},"s":{"0":1,"1":1,"2":1,"3":1,"4":1},"f":{},"b":{}}
}
